#
# There is insufficient memory for the Java Runtime Environment to continue.
# Native memory allocation (malloc) failed to allocate 1048576 bytes for AllocateHeap
# Possible reasons:
#   The system is out of physical RAM or swap space
#   In 32 bit mode, the process size limit was hit
# Possible solutions:
#   Reduce memory load on the system
#   Increase physical memory or swap space
#   Check if swap backing store is full
#   Use 64 bit Java on a 64 bit OS
#   Decrease Java heap size (-Xmx/-Xms)
#   Decrease number of Java threads
#   Decrease Java thread stack sizes (-Xss)
#   Set larger code cache with -XX:ReservedCodeCacheSize=
# This output file may be truncated or incomplete.
#
#  Out of Memory Error (memory/allocation.inline.hpp:61), pid=23944, tid=0x00000000000067f0
#
# JRE version:  (8.0_92-b14) (build )
# Java VM: Java HotSpot(TM) 64-Bit Server VM (25.92-b14 mixed mode windows-amd64 compressed oops)
# Failed to write core dump. Minidumps are not enabled by default on client versions of Windows
#

---------------  T H R E A D  ---------------

Current thread (0x0000000001fea000):  JavaThread "Unknown thread" [_thread_in_vm, id=26608, stack(0x00000000023f0000,0x00000000024f0000)]

Stack: [0x00000000023f0000,0x00000000024f0000]
[error occurred during error reporting (printing stack bounds), id 0xc0000005]

Native frames: (J=compiled Java code, j=interpreted, Vv=VM code, C=native code)


---------------  P R O C E S S  ---------------

Java Threads: ( => current thread )

Other Threads:

=>0x0000000001fea000 (exited) JavaThread "Unknown thread" [_thread_in_vm, id=26608, stack(0x00000000023f0000,0x00000000024f0000)]

VM state:not at safepoint (normal execution)

VM Mutex/Monitor currently owned by a thread: None

Heap:
 PSYoungGen      total 76288K, used 1310K [0x000000076af80000, 0x0000000770480000, 0x00000007c0000000)
  eden space 65536K, 2% used [0x000000076af80000,0x000000076b0c7af0,0x000000076ef80000)
  from space 10752K, 0% used [0x000000076fa00000,0x000000076fa00000,0x0000000770480000)
  to   space 10752K, 0% used [0x000000076ef80000,0x000000076ef80000,0x000000076fa00000)
 ParOldGen       total 175104K, used 0K [0x00000006c0e00000, 0x00000006cb900000, 0x000000076af80000)
  object space 175104K, 0% used [0x00000006c0e00000,0x00000006c0e00000,0x00000006cb900000)
 Metaspace       used 769K, capacity 4480K, committed 4480K, reserved 1056768K
  class space    used 75K, capacity 384K, committed 384K, reserved 1048576K

Card table byte_map: [0x00000000118b0000,0x00000000120b0000] byte_map_base: 0x000000000e2a9000

Marking Bits: (ParMarkBitMap*) 0x000000006fd364f0
 Begin Bits: [0x0000000013000000, 0x0000000016fc8000)
 End Bits:   [0x0000000016fc8000, 0x000000001af90000)

Polling page: 0x0000000000310000

CodeCache: size=245760Kb used=328Kb max_used=328Kb free=245431Kb
 bounds [0x00000000024f0000, 0x0000000002760000, 0x00000000114f0000]
 total_blobs=58 nmethods=0 adapters=38
 compilation: enabled

Compilation events (0 events):
No events

GC Heap History (0 events):
No events

Deoptimization events (0 events):
No events

Internal exceptions (0 events):
No events

Events (10 events):
Event: 0.027 loading class java/lang/Short
Event: 0.027 loading class java/lang/Short done
Event: 0.027 loading class java/lang/Integer
Event: 0.027 loading class java/lang/Integer done
Event: 0.027 loading class java/lang/Long
Event: 0.027 loading class java/lang/Long done
Event: 0.028 loading class java/lang/NullPointerException
Event: 0.028 loading class java/lang/NullPointerException done
Event: 0.028 loading class java/lang/ArithmeticException
Event: 0.028 loading class java/lang/ArithmeticException done


Dynamic libraries:
0x000000013f700000 - 0x000000013f737000 	D:\Program Files\Java\jdk1.8.0_92\bin\java.exe
0x0000000077b80000 - 0x0000000077d2a000 	D:\windows\SYSTEM32\ntdll.dll
0x00000000775e0000 - 0x00000000776ff000 	D:\windows\system32\kernel32.dll
0x000007fefe1b0000 - 0x000007fefe21a000 	D:\windows\system32\KERNELBASE.dll
0x000007fefe380000 - 0x000007fefe45b000 	D:\windows\system32\ADVAPI32.dll
0x000007feff910000 - 0x000007feff9af000 	D:\windows\system32\msvcrt.dll
0x000007feff9b0000 - 0x000007feff9cf000 	D:\windows\SYSTEM32\sechost.dll
0x000007fefe250000 - 0x000007fefe37d000 	D:\windows\system32\RPCRT4.dll
0x0000000077920000 - 0x0000000077a1a000 	D:\windows\system32\USER32.dll
0x000007feff3e0000 - 0x000007feff447000 	D:\windows\system32\GDI32.dll
0x000007feff3d0000 - 0x000007feff3de000 	D:\windows\system32\LPK.dll
0x000007feffd40000 - 0x000007feffe0a000 	D:\windows\system32\USP10.dll
0x000007fefcd80000 - 0x000007fefcf74000 	D:\windows\WinSxS\amd64_microsoft.windows.common-controls_6595b64144ccf1df_6.0.7601.18837_none_fa3b1e3d17594757\COMCTL32.dll
0x000007feffc70000 - 0x000007feffce1000 	D:\windows\system32\SHLWAPI.dll
0x000007fefe220000 - 0x000007fefe24e000 	D:\windows\system32\IMM32.DLL
0x000007feff560000 - 0x000007feff669000 	D:\windows\system32\MSCTF.dll
0x00000000787e0000 - 0x00000000788b2000 	D:\Program Files\Java\jdk1.8.0_92\jre\bin\msvcr100.dll
0x000000006f520000 - 0x000000006fdb6000 	D:\Program Files\Java\jdk1.8.0_92\jre\bin\server\jvm.dll
0x000007fef8810000 - 0x000007fef8819000 	D:\windows\system32\WSOCK32.dll
0x000007feffcf0000 - 0x000007feffd3d000 	D:\windows\system32\WS2_32.dll
0x000007feff4b0000 - 0x000007feff4b8000 	D:\windows\system32\NSI.dll
0x000007fefe120000 - 0x000007fefe15b000 	D:\windows\system32\WINMM.dll
0x000007fefd8d0000 - 0x000007fefd8dc000 	D:\windows\system32\VERSION.dll
0x0000000077d40000 - 0x0000000077d47000 	D:\windows\system32\PSAPI.DLL
0x000000006cb60000 - 0x000000006cb6f000 	D:\Program Files\Java\jdk1.8.0_92\jre\bin\verify.dll
0x00000000508f0000 - 0x0000000050919000 	D:\Program Files\Java\jdk1.8.0_92\jre\bin\java.dll
0x00000000508d0000 - 0x00000000508e6000 	D:\Program Files\Java\jdk1.8.0_92\jre\bin\zip.dll

VM Arguments:
jvm_args: -Didea.launcher.port=7534 -Didea.launcher.bin.path=E:\Program Files (x86)\JetBrains\IntelliJ IDEA 15.0.2\bin -Dfile.encoding=UTF-8 
java_command: com.intellij.rt.execution.application.AppMain io.kimmking.springboot01.JDBCApplication
java_class_path (initial): D:\Program Files\Java\jdk1.8.0_92\jre\lib\charsets.jar;D:\Program Files\Java\jdk1.8.0_92\jre\lib\deploy.jar;D:\Program Files\Java\jdk1.8.0_92\jre\lib\ext\access-bridge-64.jar;D:\Program Files\Java\jdk1.8.0_92\jre\lib\ext\cldrdata.jar;D:\Program Files\Java\jdk1.8.0_92\jre\lib\ext\dnsns.jar;D:\Program Files\Java\jdk1.8.0_92\jre\lib\ext\jaccess.jar;D:\Program Files\Java\jdk1.8.0_92\jre\lib\ext\jfxrt.jar;D:\Program Files\Java\jdk1.8.0_92\jre\lib\ext\localedata.jar;D:\Program Files\Java\jdk1.8.0_92\jre\lib\ext\nashorn.jar;D:\Program Files\Java\jdk1.8.0_92\jre\lib\ext\sunec.jar;D:\Program Files\Java\jdk1.8.0_92\jre\lib\ext\sunjce_provider.jar;D:\Program Files\Java\jdk1.8.0_92\jre\lib\ext\sunmscapi.jar;D:\Program Files\Java\jdk1.8.0_92\jre\lib\ext\sunpkcs11.jar;D:\Program Files\Java\jdk1.8.0_92\jre\lib\ext\zipfs.jar;D:\Program Files\Java\jdk1.8.0_92\jre\lib\javaws.jar;D:\Program Files\Java\jdk1.8.0_92\jre\lib\jce.jar;D:\Program Files\Java\jdk1.8.0_92\jre\lib\jfr.jar;D:\Program Files\Java\jdk1.8.0_92\jre\lib\jfxswt.jar;D:\Program Files\Java\jdk1.8.0_92\jre\lib\jsse.jar;D:\Program Files\Java\jdk1.8.0_92\jre\lib\management-agent.jar;D:\Program Files\Java\jdk1.8.0_92\jre\lib\plugin.jar;D:\Program Files\Java\jdk1.8.0_92\jre\lib\resources.jar;D:\Program Files\Java\jdk1.8.0_92\jre\lib\rt.jar;E:\Work\Java\jkdx\sp\JavaCourseCodes\04fx\springboot01\target\classes;D:\Users\zy\.m2\repository\org\springframework\boot\spring-boot-starter\2.0.9.RELEASE\spring-boot-starter-2.0.9.RELEASE.jar;D:\Users\zy\.m2\repository\org\springframework\boot\spring-boot\2.0.9.RELEASE\spring-boot-2.0.9.RELEASE.jar;D:\Users\zy\.m2\repository\org\springframework\spring-context\5.0.13.RELEASE\spring-context-5.0.13.RELEASE.jar;D:\Users\zy\.m2\repository\org\springframework\boot\spring-boot-autoconfigure\2.0.9.RELEASE\spring-boot-autoconfigure-2.0.9.RELEASE.jar;D:\Users\zy\.m2\repository\org\springframework\boot\spring-boot-starter-logging\2.0.9.RELEASE\spring-boot-starter-logging-2
Launcher Type: SUN_STANDARD

Environment Variables:
JAVA_HOME=D:\Program Files\Java\jdk1.8.0_92
PATH=F:\xampp7\php;D:\Program Files\Java\jdk1.8.0_92\bin;D:\Program Files (x86)\apache-maven-3.6.0\bin;d:\windows\system32;F:\Program Files (x86)\NetSarang\Xlpd 6\;F:\Program Files (x86)\NetSarang\Xshell 6\;F:\Program Files (x86)\NetSarang\Xmanager 6\;F:\Program Files (x86)\GNU Tools ARM Embedded\4.9 2015q2\bin;D:\Program Files\Java\jdk1.8.0_92\bin;H:\Program Files (x86)\TeacherAssist\dll;D:\Program Files\TortoiseHg\;D:\Program Files (x86)\GtkSharp\2.12\bin;D:\Program Files\Git\bin;D:\Program Files (x86)\Windows Kits\8.1\Windows Performance Toolkit\;D:\Python27;D:\Program Files\TortoiseSVN\bin;D:\Program Files\TortoiseSVN\bin;F:\xampp\php;f:\Program Files (x86)\GNU Tools ARM Embedded\4.9 2015q2\bin
USERNAME=zy
OS=Windows_NT
PROCESSOR_IDENTIFIER=Intel64 Family 6 Model 94 Stepping 3, GenuineIntel



---------------  S Y S T E M  ---------------

OS: Windows 7 , 64 bit Build 7601 (6.1.7601.23677)

CPU:total 8 (4 cores per cpu, 2 threads per core) family 6 model 94 stepping 3, cmov, cx8, fxsr, mmx, sse, sse2, sse3, ssse3, sse4.1, sse4.2, popcnt, avx, avx2, aes, clmul, erms, rtm, 3dnowpref, lzcnt, ht, tsc, tscinvbit, bmi1, bmi2, adx

Memory: 4k page, physical 16712080k(543684k free), swap 26950220k(4436k free)

vm_info: Java HotSpot(TM) 64-Bit Server VM (25.92-b14) for windows-amd64 JRE (1.8.0_92-b14), built on Mar 31 2016 21:03:04 by "java_re" with MS VC++ 10.0 (VS2010)

time: Wed Nov 18 18:06:48 2020
elapsed time: 0 seconds (0d 0h 0m 0s)

