#
# There is insufficient memory for the Java Runtime Environment to continue.
# Native memory allocation (malloc) failed to allocate 32744 bytes for ChunkPool::allocate
# Possible reasons:
#   The system is out of physical RAM or swap space
#   In 32 bit mode, the process size limit was hit
# Possible solutions:
#   Reduce memory load on the system
#   Increase physical memory or swap space
#   Check if swap backing store is full
#   Use 64 bit Java on a 64 bit OS
#   Decrease Java heap size (-Xmx/-Xms)
#   Decrease number of Java threads
#   Decrease Java thread stack sizes (-Xss)
#   Set larger code cache with -XX:ReservedCodeCacheSize=
# This output file may be truncated or incomplete.
#
#  Out of Memory Error (allocation.cpp:273), pid=303052, tid=0x0000000000049f6c
#
# JRE version:  (8.0_92-b14) (build )
# Java VM: Java HotSpot(TM) 64-Bit Server VM (25.92-b14 mixed mode windows-amd64 compressed oops)
# Failed to write core dump. Minidumps are not enabled by default on client versions of Windows
#

---------------  T H R E A D  ---------------

Current thread (0x00000000020c8800):  JavaThread "main" [_thread_in_vm, id=302956, stack(0x0000000002300000,0x0000000002400000)]

Stack: [0x0000000002300000,0x0000000002400000]
[error occurred during error reporting (printing stack bounds), id 0xc0000005]

Native frames: (J=compiled Java code, j=interpreted, Vv=VM code, C=native code)

Java frames: (J=compiled Java code, j=interpreted, Vv=VM code)
j  java.lang.Class.getDeclaredFields0(Z)[Ljava/lang/reflect/Field;+0
j  java.lang.Class.access$100(Ljava/lang/Class;Z)[Ljava/lang/reflect/Field;+2
j  java.lang.Class$Atomic.<clinit>()V+9
v  ~StubRoutines::call_stub
j  java.lang.Class.newReflectionData(Ljava/lang/ref/SoftReference;I)Ljava/lang/Class$ReflectionData;+27
j  java.lang.Class.reflectionData()Ljava/lang/Class$ReflectionData;+45
j  java.lang.Class.privateGetDeclaredFields(Z)[Ljava/lang/reflect/Field;+4
j  java.lang.Class.getDeclaredField(Ljava/lang/String;)Ljava/lang/reflect/Field;+11
j  java.util.concurrent.atomic.AtomicInteger.<clinit>()V+13
v  ~StubRoutines::call_stub
j  java.lang.ThreadLocal.<clinit>()V+0
v  ~StubRoutines::call_stub
j  java.nio.charset.Charset.<clinit>()V+22
v  ~StubRoutines::call_stub
j  java.lang.System.initProperties(Ljava/util/Properties;)Ljava/util/Properties;+0
j  java.lang.System.initializeSystemClass()V+13
v  ~StubRoutines::call_stub

---------------  P R O C E S S  ---------------

Java Threads: ( => current thread )
  0x000000001bfef000 JavaThread "Finalizer" daemon [_thread_blocked, id=294140, stack(0x000000001e3d0000,0x000000001e4d0000)]
  0x000000001bfe8800 JavaThread "Reference Handler" daemon [_thread_blocked, id=303332, stack(0x000000001e2b0000,0x000000001e3b0000)]
=>0x00000000020c8800 JavaThread "main" [_thread_in_vm, id=302956, stack(0x0000000002300000,0x0000000002400000)]

Other Threads:
  0x000000001d162000 VMThread [stack: 0x000000001e1b0000,0x000000001e2b0000] [id=297380]

VM state:not at safepoint (normal execution)

VM Mutex/Monitor currently owned by a thread: None

Heap:
 PSYoungGen      total 76288K, used 1310K [0x000000076af80000, 0x0000000770480000, 0x00000007c0000000)
  eden space 65536K, 2% used [0x000000076af80000,0x000000076b0c7af0,0x000000076ef80000)
  from space 10752K, 0% used [0x000000076fa00000,0x000000076fa00000,0x0000000770480000)
  to   space 10752K, 0% used [0x000000076ef80000,0x000000076ef80000,0x000000076fa00000)
 ParOldGen       total 175104K, used 0K [0x00000006c0e00000, 0x00000006cb900000, 0x000000076af80000)
  object space 175104K, 0% used [0x00000006c0e00000,0x00000006c0e00000,0x00000006cb900000)
 Metaspace       used 1201K, capacity 4480K, committed 4480K, reserved 1056768K
  class space    used 130K, capacity 384K, committed 384K, reserved 1048576K

Card table byte_map: [0x00000000117c0000,0x0000000011fc0000] byte_map_base: 0x000000000e1b9000

Marking Bits: (ParMarkBitMap*) 0x0000000070ab64f0
 Begin Bits: [0x0000000012e70000, 0x0000000016e38000)
 End Bits:   [0x0000000016e38000, 0x000000001ae00000)

Polling page: 0x0000000000320000

CodeCache: size=245760Kb used=405Kb max_used=405Kb free=245354Kb
 bounds [0x0000000002400000, 0x0000000002670000, 0x0000000011400000]
 total_blobs=106 nmethods=0 adapters=80
 compilation: enabled

Compilation events (0 events):
No events

GC Heap History (0 events):
No events

Deoptimization events (0 events):
No events

Internal exceptions (2 events):
Event: 0.025 Thread 0x00000000020c8800 Exception <a 'java/lang/NoSuchMethodError': Method sun.misc.Unsafe.defineClass(Ljava/lang/String;[BII)Ljava/lang/Class; name or signature does not match> (0x000000076af87cc0) thrown at [D:\re\workspace\8-2-build-windows-amd64-cygwin\jdk8u92\6642\hotspot\sr*1Ȫ?
Event: 0.025 Thread 0x00000000020c8800 Exception <a 'java/lang/NoSuchMethodError': Method sun.misc.Unsafe.prefetchRead(Ljava/lang/Object;J)V name or signature does not match> (0x000000076af87fa8) thrown at [D:\re\workspace\8-2-build-windows-amd64-cygwin\jdk8u92\6642\hotspot\src\share\vm\prims\j

Events (10 events):
Event: 0.030 loading class sun/reflect/generics/repository/AbstractRepository
Event: 0.030 loading class sun/reflect/generics/repository/AbstractRepository done
Event: 0.030 loading class sun/reflect/generics/repository/GenericDeclRepository done
Event: 0.030 loading class sun/reflect/generics/repository/ClassRepository done
Event: 0.030 loading class java/lang/Class$AnnotationData
Event: 0.030 loading class java/lang/Class$AnnotationData done
Event: 0.030 loading class sun/reflect/annotation/AnnotationType
Event: 0.030 loading class sun/reflect/annotation/AnnotationType done
Event: 0.030 loading class java/lang/ClassValue$ClassValueMap
Event: 0.031 loading class java/util/WeakHashMap


Dynamic libraries:
0x000000013f220000 - 0x000000013f257000 	D:\Program Files\Java\jdk1.8.0_92\bin\java.exe
0x0000000076e90000 - 0x000000007703a000 	D:\windows\SYSTEM32\ntdll.dll
0x0000000076c70000 - 0x0000000076d8f000 	D:\windows\system32\kernel32.dll
0x000007fefd220000 - 0x000007fefd28a000 	D:\windows\system32\KERNELBASE.dll
0x000007fefe520000 - 0x000007fefe5fb000 	D:\windows\system32\ADVAPI32.dll
0x000007fefee10000 - 0x000007fefeeaf000 	D:\windows\system32\msvcrt.dll
0x000007fefe810000 - 0x000007fefe82f000 	D:\windows\SYSTEM32\sechost.dll
0x000007fefe3e0000 - 0x000007fefe50d000 	D:\windows\system32\RPCRT4.dll
0x0000000076d90000 - 0x0000000076e8a000 	D:\windows\system32\USER32.dll
0x000007fefeeb0000 - 0x000007fefef17000 	D:\windows\system32\GDI32.dll
0x000007fefe720000 - 0x000007fefe72e000 	D:\windows\system32\LPK.dll
0x000007fefed40000 - 0x000007fefee0a000 	D:\windows\system32\USP10.dll
0x000007fefc110000 - 0x000007fefc304000 	D:\windows\WinSxS\amd64_microsoft.windows.common-controls_6595b64144ccf1df_6.0.7601.18837_none_fa3b1e3d17594757\COMCTL32.dll
0x000007fefd5d0000 - 0x000007fefd641000 	D:\windows\system32\SHLWAPI.dll
0x000007fefe920000 - 0x000007fefe94e000 	D:\windows\system32\IMM32.DLL
0x000007fefef20000 - 0x000007feff029000 	D:\windows\system32\MSCTF.dll
0x00000000791e0000 - 0x00000000792b2000 	D:\Program Files\Java\jdk1.8.0_92\jre\bin\msvcr100.dll
0x00000000702a0000 - 0x0000000070b36000 	D:\Program Files\Java\jdk1.8.0_92\jre\bin\server\jvm.dll
0x000007fef7b00000 - 0x000007fef7b09000 	D:\windows\system32\WSOCK32.dll
0x000007feff150000 - 0x000007feff19d000 	D:\windows\system32\WS2_32.dll
0x000007fefe510000 - 0x000007fefe518000 	D:\windows\system32\NSI.dll
0x000007fefd4b0000 - 0x000007fefd4eb000 	D:\windows\system32\WINMM.dll
0x000007fefcbe0000 - 0x000007fefcbec000 	D:\windows\system32\VERSION.dll
0x0000000077050000 - 0x0000000077057000 	D:\windows\system32\PSAPI.DLL
0x0000000000310000 - 0x000000000031f000 	D:\Program Files\Java\jdk1.8.0_92\jre\bin\verify.dll
0x000000006ce20000 - 0x000000006ce49000 	D:\Program Files\Java\jdk1.8.0_92\jre\bin\java.dll
0x0000000000370000 - 0x0000000000386000 	D:\Program Files\Java\jdk1.8.0_92\jre\bin\zip.dll
0x000007fefd650000 - 0x000007fefe3d9000 	D:\windows\system32\SHELL32.dll
0x000007fefeb30000 - 0x000007fefed33000 	D:\windows\system32\ole32.dll
0x000007fefd0c0000 - 0x000007fefd0cf000 	D:\windows\system32\profapi.dll

VM Arguments:
jvm_args: -Didea.launcher.port=7537 -Didea.launcher.bin.path=E:\Program Files (x86)\JetBrains\IntelliJ IDEA 15.0.2\bin -Dfile.encoding=UTF-8 
java_command: com.intellij.rt.execution.application.AppMain conc.ThreadSemaphore
java_class_path (initial): D:\Program Files\Java\jdk1.8.0_92\jre\lib\charsets.jar;D:\Program Files\Java\jdk1.8.0_92\jre\lib\deploy.jar;D:\Program Files\Java\jdk1.8.0_92\jre\lib\ext\access-bridge-64.jar;D:\Program Files\Java\jdk1.8.0_92\jre\lib\ext\cldrdata.jar;D:\Program Files\Java\jdk1.8.0_92\jre\lib\ext\dnsns.jar;D:\Program Files\Java\jdk1.8.0_92\jre\lib\ext\jaccess.jar;D:\Program Files\Java\jdk1.8.0_92\jre\lib\ext\jfxrt.jar;D:\Program Files\Java\jdk1.8.0_92\jre\lib\ext\localedata.jar;D:\Program Files\Java\jdk1.8.0_92\jre\lib\ext\nashorn.jar;D:\Program Files\Java\jdk1.8.0_92\jre\lib\ext\sunec.jar;D:\Program Files\Java\jdk1.8.0_92\jre\lib\ext\sunjce_provider.jar;D:\Program Files\Java\jdk1.8.0_92\jre\lib\ext\sunmscapi.jar;D:\Program Files\Java\jdk1.8.0_92\jre\lib\ext\sunpkcs11.jar;D:\Program Files\Java\jdk1.8.0_92\jre\lib\ext\zipfs.jar;D:\Program Files\Java\jdk1.8.0_92\jre\lib\javaws.jar;D:\Program Files\Java\jdk1.8.0_92\jre\lib\jce.jar;D:\Program Files\Java\jdk1.8.0_92\jre\lib\jfr.jar;D:\Program Files\Java\jdk1.8.0_92\jre\lib\jfxswt.jar;D:\Program Files\Java\jdk1.8.0_92\jre\lib\jsse.jar;D:\Program Files\Java\jdk1.8.0_92\jre\lib\management-agent.jar;D:\Program Files\Java\jdk1.8.0_92\jre\lib\plugin.jar;D:\Program Files\Java\jdk1.8.0_92\jre\lib\resources.jar;D:\Program Files\Java\jdk1.8.0_92\jre\lib\rt.jar;E:\Work\Java\jkdx\JAVA-000\Week_04\project\target\classes;D:\Users\zy\.m2\repository\com\squareup\okhttp3\okhttp\3.8.0\okhttp-3.8.0.jar;D:\Users\zy\.m2\repository\com\squareup\okio\okio\1.13.0\okio-1.13.0.jar;E:\Program Files (x86)\JetBrains\IntelliJ IDEA 15.0.2\lib\idea_rt.jar
Launcher Type: SUN_STANDARD

Environment Variables:
JAVA_HOME=D:\Program Files\Java\jdk1.8.0_92
PATH=F:\xampp7\php;D:\Program Files\Java\jdk1.8.0_92\bin;D:\Program Files (x86)\apache-maven-3.6.0\bin;d:\windows\system32;F:\Program Files (x86)\NetSarang\Xlpd 6\;F:\Program Files (x86)\NetSarang\Xshell 6\;F:\Program Files (x86)\NetSarang\Xmanager 6\;F:\Program Files (x86)\GNU Tools ARM Embedded\4.9 2015q2\bin;D:\Program Files\Java\jdk1.8.0_92\bin;H:\Program Files (x86)\TeacherAssist\dll;D:\Program Files\TortoiseHg\;D:\Program Files (x86)\GtkSharp\2.12\bin;D:\Program Files\Git\bin;D:\Program Files (x86)\Windows Kits\8.1\Windows Performance Toolkit\;D:\Python27;D:\Program Files\TortoiseSVN\bin;D:\Program Files\TortoiseSVN\bin;F:\xampp\php;f:\Program Files (x86)\GNU Tools ARM Embedded\4.9 2015q2\bin
USERNAME=zy
OS=Windows_NT
PROCESSOR_IDENTIFIER=Intel64 Family 6 Model 94 Stepping 3, GenuineIntel



---------------  S Y S T E M  ---------------

OS: Windows 7 , 64 bit Build 7601 (6.1.7601.23677)

CPU:total 8 (4 cores per cpu, 2 threads per core) family 6 model 94 stepping 3, cmov, cx8, fxsr, mmx, sse, sse2, sse3, ssse3, sse4.1, sse4.2, popcnt, avx, avx2, aes, clmul, erms, rtm, 3dnowpref, lzcnt, ht, tsc, tscinvbit, bmi1, bmi2, adx

Memory: 4k page, physical 16712080k(1161728k free), swap 26950220k(5644k free)

vm_info: Java HotSpot(TM) 64-Bit Server VM (25.92-b14) for windows-amd64 JRE (1.8.0_92-b14), built on Mar 31 2016 21:03:04 by "java_re" with MS VC++ 10.0 (VS2010)

time: Wed Nov 11 09:14:02 2020
elapsed time: 0 seconds (0d 0h 0m 0s)

